<?xml version="1.0" encoding="UTF-8"?>
<!-- Generated by org.testng.reporters.JUnitReportReporter -->
<testsuite skipped="0" hostname="Anithas-MBP.attlocal.net" name="com.testapp.apitests.UpdateUserTest" tests="1" failures="0" timestamp="2021-02-24T12:33:34 PST" time="1.652" errors="0">
  <testcase name="userUpdateTest" time="1.652" classname="com.testapp.apitests.UpdateUserTest"/>
  <system-out/>
</testsuite> <!-- com.testapp.apitests.UpdateUserTest -->
