<?xml version="1.0" encoding="UTF-8"?>
<!-- Generated by org.testng.reporters.JUnitReportReporter -->
<testsuite skipped="0" hostname="Anithas-MBP.attlocal.net" name="com.testapp.apitests.DeleteUserTest" tests="1" failures="0" timestamp="2021-02-24T12:33:34 PST" time="0.390" errors="0">
  <testcase name="deleteUser" time="0.390" classname="com.testapp.apitests.DeleteUserTest"/>
  <system-out/>
</testsuite> <!-- com.testapp.apitests.DeleteUserTest -->
