<?xml version="1.0" encoding="UTF-8"?>
<!-- Generated by org.testng.reporters.JUnitReportReporter -->
<testsuite skipped="0" hostname="Anithas-MacBook-Pro.local" name="com.testapp.apitests.GetUserById" tests="1" failures="0" timestamp="2021-02-22T18:10:47 PST" time="2.708" errors="0">
  <testcase name="testGetAUser" time="2.708" classname="com.testapp.apitests.GetUserById"/>
  <system-out/>
</testsuite> <!-- com.testapp.apitests.GetUserById -->
