<?xml version="1.0" encoding="UTF-8"?>
<!-- Generated by org.testng.reporters.JUnitReportReporter -->
<testsuite skipped="0" hostname="Anithas-MacBook-Pro.local" name="com.testapp.apitests.GetUserByIdTest" tests="1" failures="0" timestamp="2021-02-27T17:56:38 PST" time="0.302" errors="0">
  <testcase name="testGetAUser" time="0.302" classname="com.testapp.apitests.GetUserByIdTest"/>
  <system-out/>
</testsuite> <!-- com.testapp.apitests.GetUserByIdTest -->
