<?xml version="1.0" encoding="UTF-8"?>
<!-- Generated by org.testng.reporters.JUnitReportReporter -->
<testsuite skipped="0" hostname="Anithas-MacBook-Pro.local" name="com.testapp.apitests.UpdateUserTest" tests="1" failures="0" timestamp="2021-02-27T17:56:38 PST" time="1.329" errors="0">
  <testcase name="userUpdateTest" time="1.329" classname="com.testapp.apitests.UpdateUserTest"/>
  <system-out/>
</testsuite> <!-- com.testapp.apitests.UpdateUserTest -->
