<?xml version="1.0" encoding="UTF-8"?>
<!-- Generated by org.testng.reporters.JUnitReportReporter -->
<testsuite skipped="0" hostname="Anithas-MacBook-Pro.local" name="com.testapp.apitests.GetUsersTest" tests="1" failures="0" timestamp="2021-02-27T17:56:38 PST" time="1.146" errors="0">
  <testcase name="testGetUsers" time="1.146" classname="com.testapp.apitests.GetUsersTest"/>
  <system-out/>
</testsuite> <!-- com.testapp.apitests.GetUsersTest -->
